<?xml version="1.0" encoding="UTF-8"?>
<!-- Generated by org.testng.reporters.JUnitReportReporter -->
<testsuite hostname="Raghu" name="com.proj.javalearnings.BookingFlightTestCase" tests="1" failures="0" timestamp="26 Apr 2017 08:03:00 GMT" time="23.932" errors="0">
  <testcase name="test_Home_Page" time="23.932" classname="com.proj.javalearnings.BookingFlightTestCase"/>
</testsuite> <!-- com.proj.javalearnings.BookingFlightTestCase -->
